<?xml version="1.0" encoding="UTF-8"?>
<testsuite xmlns:xsi="http://www.w3.org/2001/XMLSchema-instance" xsi:noNamespaceSchemaLocation="https://maven.apache.org/surefire/maven-surefire-plugin/xsd/surefire-test-report-3.0.xsd" version="3.0" name="com.example.PostgresTest" time="6.735" tests="1" errors="0" skipped="0" failures="0">
  <properties>
[...]
</properties>
  <testcase name="testLiquibaseWithPostgres" classname="com.example.PostgresTest" time="6.684">
    <system-out><![CDATA[PostgreSQL is running at: jdbc:postgresql://localhost:32773/test?loggerLevel=OFF
Docker container logs: 
The files belonging to this database system will be owned by user "postgres".
This user must also own the server process.

The database cluster will be initialized with locale "en_US.utf8".
The default database encoding has accordingly been set to "UTF8".
The default text search configuration will be set to "english".

Data page checksums are disabled.

fixing permissions on existing directory /var/lib/postgresql/data ... ok
creating subdirectories ... ok
selecting dynamic shared memory implementation ... posix
selecting default max_connections ... 100
selecting default shared_buffers ... 128MB
selecting default time zone ... UTC
creating configuration files ... ok
running bootstrap script ... ok
sh: locale: not found
2025-01-06 16:45:08.919 UTC [35] WARNING:  no usable system locales were found
performing post-bootstrap initialization ... ok
initdb: warning: enabling "trust" authentication for local connections
initdb: hint: You can change this by editing pg_hba.conf or using the option -A, or --auth-local and --auth-host, the next time you run initdb.
syncing data to disk ... ok


Success. You can now start the database server using:

    pg_ctl -D /var/lib/postgresql/data -l logfile start

waiting for server to start....2025-01-06 16:45:09.458 UTC [41] LOG:  starting PostgreSQL 15.10 on x86_64-pc-linux-musl, compiled by gcc (Alpine 14.2.0) 14.2.0, 64-bit
2025-01-06 16:45:09.459 UTC [41] LOG:  listening on Unix socket "/var/run/postgresql/.s.PGSQL.5432"
2025-01-06 16:45:09.460 UTC [44] LOG:  database system was shut down at 2025-01-06 16:45:09 UTC
2025-01-06 16:45:09.462 UTC [41] LOG:  database system is ready to accept connections
 done
server started
CREATE DATABASE


/usr/local/bin/docker-entrypoint.sh: ignoring /docker-entrypoint-initdb.d/*

waiting for server to shut down...2025-01-06 16:45:09.586 UTC [41] LOG:  received fast shutdown request
.2025-01-06 16:45:09.586 UTC [41] LOG:  aborting any active transactions
2025-01-06 16:45:09.587 UTC [41] LOG:  background worker "logical replication launcher" (PID 47) exited with exit code 1
2025-01-06 16:45:09.587 UTC [42] LOG:  shutting down
2025-01-06 16:45:09.587 UTC [42] LOG:  checkpoint starting: shutdown immediate
2025-01-06 16:45:09.594 UTC [42] LOG:  checkpoint complete: wrote 920 buffers (5.6%); 0 WAL file(s) added, 0 removed, 0 recycled; write=0.007 s, sync=0.001 s, total=0.007 s; sync files=0, longest=0.000 s, average=0.000 s; distance=4233 kB, estimate=4233 kB
2025-01-06 16:45:09.597 UTC [41] LOG:  database system is shut down
 done
server stopped

PostgreSQL init process complete; ready for start up.

2025-01-06 16:45:09.704 UTC [1] LOG:  starting PostgreSQL 15.10 on x86_64-pc-linux-musl, compiled by gcc (Alpine 14.2.0) 14.2.0, 64-bit
2025-01-06 16:45:09.704 UTC [1] LOG:  listening on IPv4 address "0.0.0.0", port 5432
2025-01-06 16:45:09.705 UTC [1] LOG:  listening on IPv6 address "::", port 5432
2025-01-06 16:45:09.705 UTC [1] LOG:  listening on Unix socket "/var/run/postgresql/.s.PGSQL.5432"
2025-01-06 16:45:09.706 UTC [57] LOG:  database system was shut down at 2025-01-06 16:45:09 UTC
2025-01-06 16:45:09.708 UTC [1] LOG:  database system is ready to accept connections

Running Changeset: db/changelog/db.changelog.xml::1::test

UPDATE SUMMARY
Run:                          1
Previously run:               0
Filtered out:                 0
-------------------------------
Total change sets:            1

Liquibase: Update has been successful.
]]></system-out>
    <system-err><![CDATA[SLF4J: Failed to load class "org.slf4j.impl.StaticLoggerBinder".
SLF4J: Defaulting to no-operation (NOP) logger implementation
SLF4J: See http://www.slf4j.org/codes.html#StaticLoggerBinder for further details.
Jan 06, 2025 5:45:10 PM liquibase.database
INFO: Set default schema name to public
Jan 06, 2025 5:45:10 PM liquibase.lockservice
INFO: Successfully acquired change log lock
Jan 06, 2025 5:45:11 PM liquibase.changelog
INFO: Creating database history table with name: public.databasechangelog
Jan 06, 2025 5:45:11 PM liquibase.changelog
INFO: Reading from public.databasechangelog
Jan 06, 2025 5:45:11 PM liquibase.command
INFO: Using deploymentId: 6181911575
Jan 06, 2025 5:45:11 PM liquibase.changelog
INFO: Reading from public.databasechangelog
Jan 06, 2025 5:45:11 PM liquibase.changelog
INFO: Table users created
Jan 06, 2025 5:45:11 PM liquibase.changelog
INFO: ChangeSet db/changelog/db.changelog.xml::1::test ran successfully in 9ms
Jan 06, 2025 5:45:11 PM liquibase.util
INFO: UPDATE SUMMARY
Jan 06, 2025 5:45:11 PM liquibase.util
INFO: Run:                          1
Jan 06, 2025 5:45:11 PM liquibase.util
INFO: Previously run:               0
Jan 06, 2025 5:45:11 PM liquibase.util
INFO: Filtered out:                 0
Jan 06, 2025 5:45:11 PM liquibase.util
INFO: -------------------------------
Jan 06, 2025 5:45:11 PM liquibase.util
INFO: Total change sets:            1

Jan 06, 2025 5:45:11 PM liquibase.util
INFO: Update summary generated
Jan 06, 2025 5:45:11 PM liquibase.command
INFO: Update command completed successfully.
Jan 06, 2025 5:45:11 PM liquibase.lockservice
INFO: Successfully released change log lock
Jan 06, 2025 5:45:11 PM liquibase.lockservice
INFO: Successfully released change log lock
Jan 06, 2025 5:45:11 PM liquibase.command
INFO: Command execution complete
]]></system-err>
  </testcase>
</testsuite>